
> frontend@0.0.0 dev
> vite --host 127.0.0.1 --port 5174


  [32m[1mVITE[22m v7.3.1[39m  [2mready in [0m[1m968[22m[2m[0m ms[22m

  [32m➜[39m  [1mLocal[22m:   [36mhttp://127.0.0.1:[1m5174[22m/[39m
[2m10:50:53 PM[22m [36m[1m[vite][22m[39m [90m[2m(client)[22m[39m [32mhmr update [39m[2m/src/pages/driver/DriverHome.jsx, /src/index.css[22m
[2m10:51:30 PM[22m [36m[1m[vite][22m[39m [90m[2m(client)[22m[39m [32mhmr update [39m[2m/src/pages/helper/HelperHome.jsx, /src/index.css[22m
[2m10:51:43 PM[22m [36m[1m[vite][22m[39m [90m[2m(client)[22m[39m [32mhmr update [39m[2m/src/pages/passenger/PassengerHomeRedesigned.jsx, /src/index.css[22m
[2m10:51:48 PM[22m [36m[1m[vite][22m[39m [90m[2m(client)[22m[39m [32mhmr update [39m[2m/src/pages/admin/AdminHome.jsx, /src/index.css[22m
[2m11:05:28 PM[22m [36m[1m[vite][22m[39m [90m[2m(client)[22m[39m [32mhmr update [39m[2m/src/pages/passenger/PassengerHomeRedesigned.jsx, /src/index.css[22m
[2m11:14:20 PM[22m [36m[1m[vite][22m[39m [90m[2m(client)[22m[39m [32mhmr update [39m[2m/src/pages/helper/HelperHome.jsx, /src/index.css[22m
[2m11:14:47 PM[22m [36m[1m[vite][22m[39m [90m[2m(client)[22m[39m [32mhmr update [39m[2m/src/pages/passenger/PassengerHomeRedesigned.jsx, /src/index.css[22m
[2m11:14:53 PM[22m [36m[1m[vite][22m[39m [90m[2m(client)[22m[39m [32mhmr update [39m[2m/src/pages/passenger/PassengerHomeRedesigned.jsx, /src/index.css[22m
[2m11:16:05 PM[22m [36m[1m[vite][22m[39m [90m[2m(client)[22m[39m [32mhmr update [39m[2m/src/pages/passenger/PassengerHomeRedesigned.jsx, /src/index.css[22m
[2m11:20:10 PM[22m [36m[1m[vite][22m[39m [90m[2m(client)[22m[39m [32mhmr update [39m[2m/src/components/shared/MetroSeatBoard.jsx, /src/index.css[22m
[2m11:44:01 PM[22m [36m[1m[vite][22m[39m [90m[2m(client)[22m[39m [32mhmr update [39m[2m/src/pages/helper/HelperHome.jsx, /src/index.css[22m
[2m12:12:21 AM[22m [36m[1m[vite][22m[39m [90m[2m(client)[22m[39m [32mhmr update [39m[2m/src/pages/helper/HelperHome.jsx, /src/index.css[22m
[2m12:13:15 AM[22m [36m[1m[vite][22m[39m [90m[2m(client)[22m[39m [32mhmr update [39m[2m/src/pages/passenger/PassengerHomeRedesigned.jsx, /src/index.css[22m
[2m12:26:43 AM[22m [36m[1m[vite][22m[39m [90m[2m(client)[22m[39m [32mhmr update [39m[2m/src/components/shared/MetroSeatBoard.jsx, /src/index.css[22m
[2m12:26:53 AM[22m [36m[1m[vite][22m[39m [90m[2m(client)[22m[39m [32mhmr update [39m[2m/src/components/shared/MetroSeatBoard.jsx, /src/index.css[22m
[2m12:32:46 AM[22m [36m[1m[vite][22m[39m [90m[2m(client)[22m[39m [32mhmr update [39m[2m/src/pages/passenger/PassengerHomeRedesigned.jsx, /src/index.css[22m
[2m12:48:07 AM[22m [36m[1m[vite][22m[39m [90m[2m(client)[22m[39m [32mhmr update [39m[2m/src/pages/helper/HelperHome.jsx, /src/index.css[22m
[2m12:51:46 AM[22m [36m[1m[vite][22m[39m [90m[2m(client)[22m[39m [32mhmr update [39m[2m/src/pages/helper/HelperHome.jsx, /src/index.css[22m
[2m12:52:02 AM[22m [36m[1m[vite][22m[39m [90m[2m(client)[22m[39m [32mhmr update [39m[2m/src/pages/helper/HelperHome.jsx, /src/index.css[22m
[2m12:52:29 AM[22m [36m[1m[vite][22m[39m [90m[2m(client)[22m[39m [32mhmr update [39m[2m/src/pages/helper/HelperHome.jsx, /src/index.css[22m
[2m12:52:52 AM[22m [36m[1m[vite][22m[39m [90m[2m(client)[22m[39m [32mhmr update [39m[2m/src/pages/helper/HelperHome.jsx, /src/index.css[22m
[2m1:02:42 AM[22m [36m[1m[vite][22m[39m [90m[2m(client)[22m[39m [32mhmr update [39m[2m/src/pages/driver/DriverHome.jsx, /src/index.css[22m
[2m1:03:13 AM[22m [36m[1m[vite][22m[39m [90m[2m(client)[22m[39m [32mhmr update [39m[2m/src/pages/helper/HelperHome.jsx, /src/index.css[22m
[2m1:08:39 AM[22m [36m[1m[vite][22m[39m [90m[2m(client)[22m[39m [32mhmr update [39m[2m/src/pages/driver/DriverHome.jsx, /src/index.css[22m
[2m1:09:35 AM[22m [36m[1m[vite][22m[39m [90m[2m(client)[22m[39m [32mhmr update [39m[2m/src/pages/helper/HelperHome.jsx, /src/index.css[22m
[2m1:10:26 AM[22m [36m[1m[vite][22m[39m [90m[2m(client)[22m[39m [32mhmr update [39m[2m/src/pages/passenger/PassengerHomeRedesigned.jsx, /src/index.css[22m
[2m1:11:54 AM[22m [36m[1m[vite][22m[39m [90m[2m(client)[22m[39m [32mhmr update [39m[2m/src/pages/driver/DriverHome.jsx, /src/index.css[22m
[2m1:12:00 AM[22m [36m[1m[vite][22m[39m [90m[2m(client)[22m[39m [32mhmr update [39m[2m/src/pages/helper/HelperHome.jsx, /src/index.css[22m
[2m1:12:07 AM[22m [36m[1m[vite][22m[39m [90m[2m(client)[22m[39m [32mhmr update [39m[2m/src/pages/passenger/PassengerHomeRedesigned.jsx, /src/index.css[22m
[2m1:33:19 AM[22m [36m[1m[vite][22m[39m [90m[2m(client)[22m[39m [32mhmr update [39m[2m/src/pages/helper/HelperHome.jsx, /src/index.css[22m
[2m1:33:26 AM[22m [36m[1m[vite][22m[39m [90m[2m(client)[22m[39m [32mhmr update [39m[2m/src/pages/helper/HelperHome.jsx, /src/index.css[22m
[2m1:33:34 AM[22m [36m[1m[vite][22m[39m [90m[2m(client)[22m[39m [32mhmr update [39m[2m/src/pages/helper/HelperHome.jsx, /src/index.css[22m
[2m1:33:49 AM[22m [36m[1m[vite][22m[39m [90m[2m(client)[22m[39m [32mhmr update [39m[2m/src/pages/helper/HelperHome.jsx, /src/index.css[22m
[2m1:33:57 AM[22m [36m[1m[vite][22m[39m [90m[2m(client)[22m[39m [32mhmr update [39m[2m/src/pages/helper/HelperHome.jsx, /src/index.css[22m
[2m1:34:40 AM[22m [36m[1m[vite][22m[39m [90m[2m(client)[22m[39m [32mhmr update [39m[2m/src/pages/helper/HelperHome.jsx, /src/index.css[22m
[2m2:08:59 AM[22m [36m[1m[vite][22m[39m [90m[2m(client)[22m[39m [32mhmr update [39m[2m/src/pages/admin/AdminHome.jsx, /src/index.css[22m
[2m2:09:32 AM[22m [36m[1m[vite][22m[39m [90m[2m(client)[22m[39m [32mhmr update [39m[2m/src/pages/admin/AdminHome.jsx, /src/index.css[22m
[2m2:09:43 AM[22m [36m[1m[vite][22m[39m [90m[2m(client)[22m[39m [32mhmr update [39m[2m/src/pages/admin/AdminHome.jsx, /src/index.css[22m
[2m2:10:09 AM[22m [36m[1m[vite][22m[39m [90m[2m(client)[22m[39m [32mhmr update [39m[2m/src/pages/admin/AdminHome.jsx, /src/index.css[22m
[2m2:10:23 AM[22m [36m[1m[vite][22m[39m [90m[2m(client)[22m[39m [32mhmr update [39m[2m/src/pages/admin/AdminHome.jsx, /src/index.css[22m
[2m2:10:30 AM[22m [36m[1m[vite][22m[39m [90m[2m(client)[22m[39m [32mhmr update [39m[2m/src/pages/admin/AdminHome.jsx, /src/index.css[22m
[2m2:10:37 AM[22m [36m[1m[vite][22m[39m [90m[2m(client)[22m[39m [32mhmr update [39m[2m/src/pages/admin/AdminHome.jsx, /src/index.css[22m
[2m2:11:00 AM[22m [36m[1m[vite][22m[39m [90m[2m(client)[22m[39m [32mhmr update [39m[2m/src/pages/admin/AdminHome.jsx, /src/index.css[22m
[2m2:11:43 AM[22m [36m[1m[vite][22m[39m [90m[2m(client)[22m[39m [32mhmr update [39m[2m/src/pages/admin/AdminHome.jsx, /src/index.css[22m
[2m2:11:55 AM[22m [36m[1m[vite][22m[39m [90m[2m(client)[22m[39m [32mhmr update [39m[2m/src/pages/admin/AdminHome.jsx, /src/index.css[22m
[2m2:12:16 AM[22m [36m[1m[vite][22m[39m [90m[2m(client)[22m[39m [32mhmr update [39m[2m/src/pages/admin/AdminHome.jsx, /src/index.css[22m
[2m2:13:39 AM[22m [36m[1m[vite][22m[39m [90m[2m(client)[22m[39m [32mhmr update [39m[2m/src/pages/admin/AdminHome.jsx, /src/index.css[22m
[2m2:13:45 AM[22m [36m[1m[vite][22m[39m [90m[2m(client)[22m[39m [32mhmr update [39m[2m/src/pages/admin/AdminHome.jsx, /src/index.css[22m
